\BOOKMARK [1][-]{section.1}{\376\377\000B\000r\000a\000n\000d\000\040\000K\000a\000m\000p\000a\000g\000n\000e\000n\000k\000o\000n\000z\000e\000p\000t\000\040\000u\000n\000d\000\040\000S\000t\000r\000a\000t\000e\000g\000i\000e\000\040\000f\000\374\000r\000\040\000M\000o\000n\000k\000e\000y\0004\000B\000u\000s\000i\000n\000e\000s\000s}{}% 1
\BOOKMARK [2][-]{subsection.1.1}{\376\377\0001\000.\000\040\000M\000a\000r\000k\000e\000n\000i\000d\000e\000n\000t\000i\000t\000\344\000t\000\040\000u\000n\000d\000\040\000K\000e\000r\000n\000b\000o\000t\000s\000c\000h\000a\000f\000t}{section.1}% 2
\BOOKMARK [3][-]{subsubsection.1.1.1}{\376\377\000M\000a\000r\000k\000e\000n\000n\000a\000m\000e\000:\000\040\000M\000o\000n\000k\000e\000y\0004\000B\000u\000s\000i\000n\000e\000s\000s}{subsection.1.1}% 3
\BOOKMARK [3][-]{subsubsection.1.1.2}{\376\377\000M\000a\000r\000k\000e\000n\000-\000E\000s\000s\000e\000n\000z\000:\000\040\000A\000g\000i\000l\000i\000t\000\344\000t\000\040\000t\000r\000i\000f\000f\000t\000\040\000a\000u\000f\000\040\000E\000x\000p\000e\000r\000t\000i\000s\000e\000\040\040\023\000\040\000I\000h\000r\000e\000\040\000d\000i\000g\000i\000t\000a\000l\000e\000\040\000E\000v\000o\000l\000u\000t\000i\000o\000n\000.}{subsection.1.1}% 4
\BOOKMARK [3][-]{subsubsection.1.1.3}{\376\377\000K\000e\000r\000n\000b\000o\000t\000s\000c\000h\000a\000f\000t\000\040\000\050\000T\000a\000g\000l\000i\000n\000e\000\051\000:\000\040\000`\000`\000M\000o\000n\000k\000e\000y\0004\000B\000u\000s\000i\000n\000e\000s\000s\000:\000\040\000I\000h\000r\000e\000\040\000d\000i\000g\000i\000t\000a\000l\000e\000\040\000E\000v\000o\000l\000u\000t\000i\000o\000n\000.\000\040\000A\000g\000i\000l\000.\000\040\000I\000n\000n\000o\000v\000a\000t\000i\000v\000.\000\040\000M\000a\000\337\000g\000e\000s\000c\000h\000n\000e\000i\000d\000e\000r\000t\000.\000'\000'}{subsection.1.1}% 5
\BOOKMARK [3][-]{subsubsection.1.1.4}{\376\377\000W\000e\000r\000t\000e\000\040\000v\000o\000n\000\040\000M\000o\000n\000k\000e\000y\0004\000B\000u\000s\000i\000n\000e\000s\000s\000:}{subsection.1.1}% 6
\BOOKMARK [2][-]{subsection.1.2}{\376\377\0002\000.\000\040\000Z\000i\000e\000l\000g\000r\000u\000p\000p\000e\000n\000a\000n\000s\000p\000r\000a\000c\000h\000e\000\040\000u\000n\000d\000\040\000P\000o\000s\000i\000t\000i\000o\000n\000i\000e\000r\000u\000n\000g}{section.1}% 7
\BOOKMARK [3][-]{subsubsection.1.2.1}{\376\377\000P\000o\000s\000i\000t\000i\000o\000n\000i\000e\000r\000u\000n\000g\000s\000a\000u\000s\000s\000a\000g\000e\000:}{subsection.1.2}% 8
\BOOKMARK [2][-]{subsection.1.3}{\376\377\0003\000.\000\040\000K\000a\000m\000p\000a\000g\000n\000e\000n\000z\000i\000e\000l\000e}{section.1}% 9
\BOOKMARK [2][-]{subsection.1.4}{\376\377\0004\000.\000\040\000S\000t\000r\000a\000t\000e\000g\000i\000s\000c\000h\000e\000\040\000S\000\344\000u\000l\000e\000n\000\040\000d\000e\000r\000\040\000K\000a\000m\000p\000a\000g\000n\000e}{section.1}% 10
\BOOKMARK [3][-]{subsubsection.1.4.1}{\376\377\000a\000\051\000\040\000T\000h\000o\000u\000g\000h\000t\000\040\000L\000e\000a\000d\000e\000r\000s\000h\000i\000p\000\040\000u\000n\000d\000\040\000C\000o\000n\000t\000e\000n\000t\000\040\000M\000a\000r\000k\000e\000t\000i\000n\000g}{subsection.1.4}% 11
\BOOKMARK [3][-]{subsubsection.1.4.2}{\376\377\000b\000\051\000\040\000D\000i\000g\000i\000t\000a\000l\000e\000\040\000P\000r\000\344\000s\000e\000n\000z\000\040\000u\000n\000d\000\040\000P\000e\000r\000f\000o\000r\000m\000a\000n\000c\000e\000\040\000M\000a\000r\000k\000e\000t\000i\000n\000g}{subsection.1.4}% 12
\BOOKMARK [3][-]{subsubsection.1.4.3}{\376\377\000c\000\051\000\040\000R\000e\000f\000e\000r\000e\000n\000z\000e\000n\000\040\000u\000n\000d\000\040\000K\000u\000n\000d\000e\000n\000b\000e\000z\000i\000e\000h\000u\000n\000g\000e\000n}{subsection.1.4}% 13
\BOOKMARK [2][-]{subsection.1.5}{\376\377\0005\000.\000\040\000T\000o\000n\000e\000\040\000o\000f\000\040\000V\000o\000i\000c\000e}{section.1}% 14
\BOOKMARK [2][-]{subsection.1.6}{\376\377\0006\000.\000\040\000M\000e\000s\000s\000u\000n\000g\000\040\000d\000e\000s\000\040\000E\000r\000f\000o\000l\000g\000s}{section.1}% 15
\BOOKMARK [1][-]{section.2}{\376\377\000B\000r\000a\000n\000d\000\040\000K\000a\000m\000p\000a\000g\000n\000e\000\040\000f\000\374\000r\000\040\000M\000o\000n\000k\000e\000y\0004\000B\000u\000s\000i\000n\000e\000s\000s}{}% 16
\BOOKMARK [2][-]{subsection.2.1}{\376\377\000Z\000u\000s\000a\000m\000m\000e\000n\000f\000a\000s\000s\000u\000n\000g}{section.2}% 17
\BOOKMARK [2][-]{subsection.2.2}{\376\377\000M\000a\000r\000k\000e\000n\000i\000d\000e\000n\000t\000i\000t\000\344\000t}{section.2}% 18
\BOOKMARK [3][-]{subsubsection.2.2.1}{\376\377\000M\000a\000r\000k\000e\000n\000e\000s\000s\000e\000n\000z}{subsection.2.2}% 19
\BOOKMARK [3][-]{subsubsection.2.2.2}{\376\377\000K\000e\000r\000n\000b\000o\000t\000s\000c\000h\000a\000f\000t\000\040\000\050\000T\000a\000g\000l\000i\000n\000e\000\051}{subsection.2.2}% 20
\BOOKMARK [3][-]{subsubsection.2.2.3}{\376\377\000M\000a\000r\000k\000e\000n\000w\000e\000r\000t\000e}{subsection.2.2}% 21
\BOOKMARK [2][-]{subsection.2.3}{\376\377\000Z\000i\000e\000l\000g\000r\000u\000p\000p\000e\000n\000a\000n\000a\000l\000y\000s\000e}{section.2}% 22
\BOOKMARK [3][-]{subsubsection.2.3.1}{\376\377\000H\000\344\000u\000f\000i\000g\000e\000\040\000S\000c\000h\000m\000e\000r\000z\000p\000u\000n\000k\000t\000e}{subsection.2.3}% 23
\BOOKMARK [2][-]{subsection.2.4}{\376\377\000V\000i\000s\000u\000e\000l\000l\000e\000\040\000I\000d\000e\000n\000t\000i\000t\000\344\000t}{section.2}% 24
\BOOKMARK [3][-]{subsubsection.2.4.1}{\376\377\000F\000a\000r\000b\000p\000a\000l\000e\000t\000t\000e}{subsection.2.4}% 25
\BOOKMARK [3][-]{subsubsection.2.4.2}{\376\377\000T\000y\000p\000o\000g\000r\000a\000f\000i\000e}{subsection.2.4}% 26
\BOOKMARK [3][-]{subsubsection.2.4.3}{\376\377\000B\000i\000l\000d\000s\000p\000r\000a\000c\000h\000e}{subsection.2.4}% 27
\BOOKMARK [2][-]{subsection.2.5}{\376\377\000K\000a\000m\000p\000a\000g\000n\000e\000n\000s\000t\000r\000a\000t\000e\000g\000i\000e}{section.2}% 28
\BOOKMARK [3][-]{subsubsection.2.5.1}{\376\377\000a\000\051\000\040\000T\000h\000o\000u\000g\000h\000t\000\040\000L\000e\000a\000d\000e\000r\000s\000h\000i\000p\000\040\000u\000n\000d\000\040\000C\000o\000n\000t\000e\000n\000t\000\040\000M\000a\000r\000k\000e\000t\000i\000n\000g}{subsection.2.5}% 29
\BOOKMARK [3][-]{subsubsection.2.5.2}{\376\377\000b\000\051\000\040\000D\000i\000g\000i\000t\000a\000l\000e\000\040\000P\000r\000\344\000s\000e\000n\000z\000\040\000u\000n\000d\000\040\000P\000e\000r\000f\000o\000r\000m\000a\000n\000c\000e\000\040\000M\000a\000r\000k\000e\000t\000i\000n\000g}{subsection.2.5}% 30
\BOOKMARK [3][-]{subsubsection.2.5.3}{\376\377\000c\000\051\000\040\000R\000e\000f\000e\000r\000e\000n\000z\000e\000n\000\040\000u\000n\000d\000\040\000K\000u\000n\000d\000e\000n\000b\000e\000z\000i\000e\000h\000u\000n\000g\000e\000n}{subsection.2.5}% 31
\BOOKMARK [2][-]{subsection.2.6}{\376\377\000K\000a\000m\000p\000a\000g\000n\000e\000n\000m\000a\000t\000e\000r\000i\000a\000l\000i\000e\000n}{section.2}% 32
\BOOKMARK [3][-]{subsubsection.2.6.1}{\376\377\000D\000i\000g\000i\000t\000a\000l\000e\000\040\000M\000a\000t\000e\000r\000i\000a\000l\000i\000e\000n}{subsection.2.6}% 33
\BOOKMARK [3][-]{subsubsection.2.6.2}{\376\377\000O\000f\000f\000l\000i\000n\000e\000-\000M\000a\000t\000e\000r\000i\000a\000l\000i\000e\000n}{subsection.2.6}% 34
\BOOKMARK [2][-]{subsection.2.7}{\376\377\000U\000m\000s\000e\000t\000z\000u\000n\000g\000s\000p\000l\000a\000n}{section.2}% 35
\BOOKMARK [3][-]{subsubsection.2.7.1}{\376\377\000Z\000e\000i\000t\000p\000l\000a\000n}{subsection.2.7}% 36
\BOOKMARK [3][-]{subsubsection.2.7.2}{\376\377\000B\000u\000d\000g\000e\000t\000-\000A\000l\000l\000o\000k\000a\000t\000i\000o\000n}{subsection.2.7}% 37
\BOOKMARK [2][-]{subsection.2.8}{\376\377\000E\000r\000f\000o\000l\000g\000s\000m\000e\000s\000s\000u\000n\000g}{section.2}% 38
\BOOKMARK [2][-]{subsection.2.9}{\376\377\000N\000\344\000c\000h\000s\000t\000e\000\040\000S\000c\000h\000r\000i\000t\000t\000e}{section.2}% 39
\BOOKMARK [1][-]{section.3}{\376\377\000Z\000i\000e\000l\000g\000r\000u\000p\000p\000e\000n\000a\000n\000a\000l\000y\000s\000e\000\040\000u\000n\000d\000\040\000M\000a\000r\000k\000t\000p\000o\000s\000i\000t\000i\000o\000n\000i\000e\000r\000u\000n\000g\000\040\000f\000\374\000r\000M\000o\000n\000k\000e\000y\0004\000B\000u\000s\000i\000n\000e\000s\000s}{}% 40
\BOOKMARK [2][-]{subsection.3.1}{\376\377\0001\000.\000\040\000Z\000i\000e\000l\000g\000r\000u\000p\000p\000e\000n\000s\000e\000g\000m\000e\000n\000t\000i\000e\000r\000u\000n\000g}{section.3}% 41
\BOOKMARK [2][-]{subsection.3.2}{\376\377\0002\000.\000\040\000H\000\344\000u\000f\000i\000g\000e\000\040\000S\000c\000h\000m\000e\000r\000z\000p\000u\000n\000k\000t\000e\000\040\000v\000o\000n\000\040\000U\000n\000t\000e\000r\000n\000e\000h\000m\000e\000n}{section.3}% 42
\BOOKMARK [2][-]{subsection.3.3}{\376\377\0003\000.\000\040\000M\000a\000r\000k\000t\000p\000o\000s\000i\000t\000i\000o\000n\000i\000e\000r\000u\000n\000g\000s\000s\000t\000r\000a\000t\000e\000g\000i\000e\000n\000\040\000f\000\374\000r\000\040\000M\000o\000n\000k\000e\000y\0004\000B\000u\000s\000i\000n\000e\000s\000s}{section.3}% 43
\BOOKMARK [2][-]{subsection.3.4}{\376\377\000R\000e\000f\000e\000r\000e\000n\000z\000e\000n}{section.3}% 44
\BOOKMARK [1][-]{section.4}{\376\377\000K\000a\000m\000p\000a\000g\000n\000e\000n\000m\000a\000t\000e\000r\000i\000a\000l\000i\000e\000n\000\040\000u\000n\000d\000\040\000U\000m\000s\000e\000t\000z\000u\000n\000g\000s\000p\000l\000a\000n\000\040\000f\000\374\000r\000\040\000M\000o\000n\000k\000e\000y\0004\000B\000u\000s\000i\000n\000e\000s\000s}{}% 45
\BOOKMARK [2][-]{subsection.4.1}{\376\377\0001\000.\000\040\000K\000a\000m\000p\000a\000g\000n\000e\000n\000m\000a\000t\000e\000r\000i\000a\000l\000i\000e\000n}{section.4}% 46
\BOOKMARK [3][-]{subsubsection.4.1.1}{\376\377\0001\000.\0001\000\040\000D\000i\000g\000i\000t\000a\000l\000e\000\040\000M\000a\000t\000e\000r\000i\000a\000l\000i\000e\000n}{subsection.4.1}% 47
\BOOKMARK [3][-]{subsubsection.4.1.2}{\376\377\0001\000.\0002\000\040\000O\000f\000f\000l\000i\000n\000e\000-\000M\000a\000t\000e\000r\000i\000a\000l\000i\000e\000n}{subsection.4.1}% 48
\BOOKMARK [2][-]{subsection.4.2}{\376\377\0002\000.\000\040\000U\000m\000s\000e\000t\000z\000u\000n\000g\000s\000p\000l\000a\000n}{section.4}% 49
\BOOKMARK [3][-]{subsubsection.4.2.1}{\376\377\0002\000.\0001\000\040\000Z\000e\000i\000t\000p\000l\000a\000n}{subsection.4.2}% 50
\BOOKMARK [3][-]{subsubsection.4.2.2}{\376\377\0002\000.\0002\000\040\000B\000u\000d\000g\000e\000t\000-\000A\000l\000l\000o\000k\000a\000t\000i\000o\000n}{subsection.4.2}% 51
\BOOKMARK [3][-]{subsubsection.4.2.3}{\376\377\0002\000.\0003\000\040\000V\000e\000r\000a\000n\000t\000w\000o\000r\000t\000l\000i\000c\000h\000k\000e\000i\000t\000e\000n}{subsection.4.2}% 52
\BOOKMARK [3][-]{subsubsection.4.2.4}{\376\377\0002\000.\0004\000\040\000E\000r\000f\000o\000l\000g\000s\000m\000e\000s\000s\000u\000n\000g\000\040\000u\000n\000d\000\040\000K\000P\000I\000s}{subsection.4.2}% 53
\BOOKMARK [3][-]{subsubsection.4.2.5}{\376\377\0002\000.\0005\000\040\000R\000i\000s\000i\000k\000o\000m\000a\000n\000a\000g\000e\000m\000e\000n\000t}{subsection.4.2}% 54
\BOOKMARK [2][-]{subsection.4.3}{\376\377\0003\000.\000\040\000N\000\344\000c\000h\000s\000t\000e\000\040\000S\000c\000h\000r\000i\000t\000t\000e}{section.4}% 55
\BOOKMARK [1][-]{section.5}{\376\377\000V\000i\000s\000u\000e\000l\000l\000e\000\040\000I\000d\000e\000n\000t\000i\000t\000\344\000t\000\040\000f\000\374\000r\000\040\000M\000o\000n\000k\000e\000y\0004\000B\000u\000s\000i\000n\000e\000s\000s}{}% 56
\BOOKMARK [2][-]{subsection.5.1}{\376\377\0001\000.\000\040\000L\000o\000g\000o}{section.5}% 57
\BOOKMARK [3][-]{subsubsection.5.1.1}{\376\377\000L\000o\000g\000o\000-\000V\000a\000r\000i\000a\000n\000t\000e\000n}{subsection.5.1}% 58
\BOOKMARK [3][-]{subsubsection.5.1.2}{\376\377\000L\000o\000g\000o\000-\000F\000r\000e\000i\000r\000a\000u\000m}{subsection.5.1}% 59
\BOOKMARK [3][-]{subsubsection.5.1.3}{\376\377\000M\000i\000n\000d\000e\000s\000t\000g\000r\000\366\000\337\000e}{subsection.5.1}% 60
\BOOKMARK [2][-]{subsection.5.2}{\376\377\0002\000.\000\040\000F\000a\000r\000b\000p\000a\000l\000e\000t\000t\000e}{section.5}% 61
\BOOKMARK [3][-]{subsubsection.5.2.1}{\376\377\000P\000r\000i\000m\000\344\000r\000f\000a\000r\000b\000e\000n}{subsection.5.2}% 62
\BOOKMARK [3][-]{subsubsection.5.2.2}{\376\377\000S\000e\000k\000u\000n\000d\000\344\000r\000f\000a\000r\000b\000e\000n}{subsection.5.2}% 63
\BOOKMARK [3][-]{subsubsection.5.2.3}{\376\377\000F\000a\000r\000b\000h\000i\000e\000r\000a\000r\000c\000h\000i\000e}{subsection.5.2}% 64
\BOOKMARK [2][-]{subsection.5.3}{\376\377\0003\000.\000\040\000T\000y\000p\000o\000g\000r\000a\000f\000i\000e}{section.5}% 65
\BOOKMARK [3][-]{subsubsection.5.3.1}{\376\377\000P\000r\000i\000m\000\344\000r\000e\000\040\000S\000c\000h\000r\000i\000f\000t\000a\000r\000t}{subsection.5.3}% 66
\BOOKMARK [3][-]{subsubsection.5.3.2}{\376\377\000S\000e\000k\000u\000n\000d\000\344\000r\000e\000\040\000S\000c\000h\000r\000i\000f\000t\000a\000r\000t}{subsection.5.3}% 67
\BOOKMARK [3][-]{subsubsection.5.3.3}{\376\377\000W\000e\000b\000-\000S\000c\000h\000r\000i\000f\000t\000a\000r\000t\000e\000n}{subsection.5.3}% 68
\BOOKMARK [3][-]{subsubsection.5.3.4}{\376\377\000S\000c\000h\000r\000i\000f\000t\000h\000i\000e\000r\000a\000r\000c\000h\000i\000e}{subsection.5.3}% 69
\BOOKMARK [2][-]{subsection.5.4}{\376\377\0004\000.\000\040\000B\000i\000l\000d\000s\000p\000r\000a\000c\000h\000e}{section.5}% 70
\BOOKMARK [3][-]{subsubsection.5.4.1}{\376\377\000F\000o\000t\000o\000g\000r\000a\000f\000i\000e}{subsection.5.4}% 71
\BOOKMARK [3][-]{subsubsection.5.4.2}{\376\377\000I\000l\000l\000u\000s\000t\000r\000a\000t\000i\000o\000n\000e\000n\000\040\000u\000n\000d\000\040\000I\000c\000o\000n\000s}{subsection.5.4}% 72
\BOOKMARK [3][-]{subsubsection.5.4.3}{\376\377\000B\000i\000l\000d\000b\000e\000a\000r\000b\000e\000i\000t\000u\000n\000g}{subsection.5.4}% 73
\BOOKMARK [2][-]{subsection.5.5}{\376\377\0005\000.\000\040\000D\000e\000s\000i\000g\000n\000e\000l\000e\000m\000e\000n\000t\000e}{section.5}% 74
\BOOKMARK [3][-]{subsubsection.5.5.1}{\376\377\000R\000a\000s\000t\000e\000r\000\040\000u\000n\000d\000\040\000L\000a\000y\000o\000u\000t}{subsection.5.5}% 75
\BOOKMARK [3][-]{subsubsection.5.5.2}{\376\377\000G\000r\000a\000f\000i\000s\000c\000h\000e\000\040\000E\000l\000e\000m\000e\000n\000t\000e}{subsection.5.5}% 76
\BOOKMARK [3][-]{subsubsection.5.5.3}{\376\377\000A\000n\000i\000m\000a\000t\000i\000o\000n\000\040\000u\000n\000d\000\040\000B\000e\000w\000e\000g\000u\000n\000g\000\040\000\050\000f\000\374\000r\000\040\000d\000i\000g\000i\000t\000a\000l\000e\000\040\000M\000e\000d\000i\000e\000n\000\051}{subsection.5.5}% 77
\BOOKMARK [2][-]{subsection.5.6}{\376\377\0006\000.\000\040\000A\000n\000w\000e\000n\000d\000u\000n\000g\000s\000b\000e\000i\000s\000p\000i\000e\000l\000e}{section.5}% 78
\BOOKMARK [3][-]{subsubsection.5.6.1}{\376\377\000D\000i\000g\000i\000t\000a\000l\000e\000\040\000A\000n\000w\000e\000n\000d\000u\000n\000g\000e\000n}{subsection.5.6}% 79
\BOOKMARK [3][-]{subsubsection.5.6.2}{\376\377\000P\000r\000i\000n\000t\000-\000A\000n\000w\000e\000n\000d\000u\000n\000g\000e\000n}{subsection.5.6}% 80
\BOOKMARK [3][-]{subsubsection.5.6.3}{\376\377\000W\000e\000r\000b\000e\000m\000a\000t\000e\000r\000i\000a\000l\000i\000e\000n}{subsection.5.6}% 81
\BOOKMARK [2][-]{subsection.5.7}{\376\377\0007\000.\000\040\000D\000o\000'\000s\000\040\000a\000n\000d\000\040\000D\000o\000n\000t\000'\000s}{section.5}% 82
\BOOKMARK [3][-]{subsubsection.5.7.1}{\376\377\000D\000o\000'\000s}{subsection.5.7}% 83
\BOOKMARK [3][-]{subsubsection.5.7.2}{\376\377\000D\000o\000n\000t\000'\000s}{subsection.5.7}% 84
\BOOKMARK [1][-]{section.6}{\376\377\000R\000e\000c\000h\000e\000r\000c\000h\000e\000e\000r\000g\000e\000b\000n\000i\000s\000s\000e\000:\000\040\000S\000o\000f\000t\000w\000a\000r\000e\000-\000\040\000u\000n\000d\000\040\000W\000e\000b\000e\000n\000t\000w\000i\000c\000k\000l\000u\000n\000g\000s\000b\000r\000a\000n\000c\000h\000e\000\040\000\046\000\040\000B\000r\000a\000n\000d\000i\000n\000g\000-\000S\000t\000r\000a\000t\000e\000g\000i\000e\000n}{}% 85
\BOOKMARK [2][-]{subsection.6.1}{\376\377\0001\000.\000\040\000B\000r\000a\000n\000c\000h\000e\000n\000t\000r\000e\000n\000d\000s\000\040\000\050\000S\000o\000f\000t\000w\000a\000r\000e\000-\000\040\000u\000n\000d\000\040\000W\000e\000b\000e\000n\000t\000w\000i\000c\000k\000l\000u\000n\000g\000\051}{section.6}% 86
\BOOKMARK [2][-]{subsection.6.2}{\376\377\0002\000.\000\040\000B\000r\000a\000n\000d\000i\000n\000g\000-\000S\000t\000r\000a\000t\000e\000g\000i\000e\000n\000\040\000f\000\374\000r\000\040\000S\000o\000f\000t\000w\000a\000r\000e\000-\000\040\000u\000n\000d\000\040\000W\000e\000b\000e\000n\000t\000w\000i\000c\000k\000l\000u\000n\000g\000s\000u\000n\000t\000e\000r\000n\000e\000h\000m\000e\000n}{section.6}% 87
\BOOKMARK [2][-]{subsection.6.3}{\376\377\0003\000.\000\040\000Z\000i\000e\000l\000g\000r\000u\000p\000p\000e\000n\000a\000n\000a\000l\000y\000s\000e\000\040\000f\000\374\000r\000\040\000W\000e\000b\000e\000n\000t\000w\000i\000c\000k\000l\000u\000n\000g}{section.6}% 88
\BOOKMARK [2][-]{subsection.6.4}{\376\377\000R\000e\000f\000e\000r\000e\000n\000z\000e\000n}{section.6}% 89
